<?xml version="1.0" encoding="UTF-8"?>
<testsuite xmlns:xsi="http://www.w3.org/2001/XMLSchema-instance" xsi:noNamespaceSchemaLocation="https://maven.apache.org/surefire/maven-surefire-plugin/xsd/surefire-test-report.xsd" name="org.apache.kylin.metrics.lib.impl.RecordEventTimeDetailTest" time="0.274" tests="1" errors="0" skipped="0" failures="0">
  <properties>
    <property name="gopherProxySet" value="false"/>
    <property name="awt.toolkit" value="sun.lwawt.macosx.LWCToolkit"/>
    <property name="log4j.configuration" value="file:/Users/tangmoumou/bigdata_projects/apache-kylin-4.0.0/core-metrics/../build/conf/kylin-tools-log4j.properties"/>
    <property name="buildCubeUsingProvidedData" value="false"/>
    <property name="file.encoding.pkg" value="sun.io"/>
    <property name="java.specification.version" value="1.8"/>
    <property name="sun.cpu.isalist" value=""/>
    <property name="sun.jnu.encoding" value="UTF-8"/>
    <property name="java.class.path" value="/Users/tangmoumou/bigdata_projects/apache-kylin-4.0.0/core-metrics/target/test-classes:/Users/tangmoumou/bigdata_projects/apache-kylin-4.0.0/core-metrics/target/classes:/Users/tangmoumou/bigdata_projects/apache-kylin-4.0.0/core-common/target/kylin-core-common-4.0.0.jar:/Users/tangmoumou/.m2/repository/org/apache/commons/commons-lang3/3.5/commons-lang3-3.5.jar:/Users/tangmoumou/.m2/repository/org/apache/commons/commons-email/1.5/commons-email-1.5.jar:/Users/tangmoumou/.m2/repository/com/sun/mail/javax.mail/1.5.6/javax.mail-1.5.6.jar:/Users/tangmoumou/.m2/repository/javax/activation/activation/1.1/activation-1.1.jar:/Users/tangmoumou/.m2/repository/org/apache/httpcomponents/httpclient/4.2.5/httpclient-4.2.5.jar:/Users/tangmoumou/.m2/repository/org/apache/httpcomponents/httpcore/4.2.4/httpcore-4.2.4.jar:/Users/tangmoumou/.m2/repository/com/fasterxml/jackson/core/jackson-databind/2.6.7/jackson-databind-2.6.7.jar:/Users/tangmoumou/.m2/repository/com/fasterxml/jackson/core/jackson-annotations/2.6.7/jackson-annotations-2.6.7.jar:/Users/tangmoumou/.m2/repository/com/fasterxml/jackson/core/jackson-core/2.6.7/jackson-core-2.6.7.jar:/Users/tangmoumou/.m2/repository/org/apache/curator/curator-x-discovery/2.12.0/curator-x-discovery-2.12.0.jar:/Users/tangmoumou/.m2/repository/org/freemarker/freemarker/2.3.23/freemarker-2.3.23.jar:/Users/tangmoumou/.m2/repository/org/apache/commons/commons-compress/1.18/commons-compress-1.18.jar:/Users/tangmoumou/.m2/repository/io/dropwizard/metrics/metrics-jvm/3.1.2/metrics-jvm-3.1.2.jar:/Users/tangmoumou/.m2/repository/io/dropwizard/metrics/metrics-json/3.1.2/metrics-json-3.1.2.jar:/Users/tangmoumou/.m2/repository/commons-dbcp/commons-dbcp/1.4/commons-dbcp-1.4.jar:/Users/tangmoumou/.m2/repository/commons-pool/commons-pool/1.5.4/commons-pool-1.5.4.jar:/Users/tangmoumou/.m2/repository/org/apache/kylin/kylin-shaded-guava/3.1.0/kylin-shaded-guava-3.1.0.jar:/Users/tangmoumou/.m2/repository/io/dropwizard/metrics/metrics-core/3.1.2/metrics-core-3.1.2.jar:/Users/tangmoumou/.m2/repository/com/google/guava/guava/14.0/guava-14.0.jar:/Users/tangmoumou/bigdata_projects/apache-kylin-4.0.0/core-common/target/kylin-core-common-4.0.0-tests.jar:/Users/tangmoumou/.m2/repository/junit/junit/4.12/junit-4.12.jar:/Users/tangmoumou/.m2/repository/org/hamcrest/hamcrest-core/1.3/hamcrest-core-1.3.jar:/Users/tangmoumou/.m2/repository/log4j/log4j/1.2.17/log4j-1.2.17.jar:/Users/tangmoumou/.m2/repository/org/slf4j/slf4j-log4j12/1.7.21/slf4j-log4j12-1.7.21.jar:/Users/tangmoumou/.m2/repository/org/slf4j/jcl-over-slf4j/1.7.21/jcl-over-slf4j-1.7.21.jar:/Users/tangmoumou/.m2/repository/org/slf4j/slf4j-api/1.7.21/slf4j-api-1.7.21.jar:/Users/tangmoumou/.m2/repository/org/apache/hadoop/hadoop-common/2.7.3/hadoop-common-2.7.3.jar:/Users/tangmoumou/.m2/repository/org/apache/hadoop/hadoop-annotations/2.7.3/hadoop-annotations-2.7.3.jar:/Library/Java/JavaVirtualMachines/jdk1.8.0_251.jdk/Contents/Home/jre/../lib/tools.jar:/Users/tangmoumou/.m2/repository/commons-cli/commons-cli/1.2/commons-cli-1.2.jar:/Users/tangmoumou/.m2/repository/org/apache/commons/commons-math3/3.1.1/commons-math3-3.1.1.jar:/Users/tangmoumou/.m2/repository/xmlenc/xmlenc/0.52/xmlenc-0.52.jar:/Users/tangmoumou/.m2/repository/commons-httpclient/commons-httpclient/3.1/commons-httpclient-3.1.jar:/Users/tangmoumou/.m2/repository/commons-codec/commons-codec/1.4/commons-codec-1.4.jar:/Users/tangmoumou/.m2/repository/commons-io/commons-io/2.4/commons-io-2.4.jar:/Users/tangmoumou/.m2/repository/commons-net/commons-net/3.1/commons-net-3.1.jar:/Users/tangmoumou/.m2/repository/commons-collections/commons-collections/3.2.2/commons-collections-3.2.2.jar:/Users/tangmoumou/.m2/repository/org/mortbay/jetty/jetty/6.1.26/jetty-6.1.26.jar:/Users/tangmoumou/.m2/repository/org/mortbay/jetty/jetty-util/6.1.26/jetty-util-6.1.26.jar:/Users/tangmoumou/.m2/repository/com/sun/jersey/jersey-core/1.9/jersey-core-1.9.jar:/Users/tangmoumou/.m2/repository/com/sun/jersey/jersey-json/1.9/jersey-json-1.9.jar:/Users/tangmoumou/.m2/repository/org/codehaus/jettison/jettison/1.1/jettison-1.1.jar:/Users/tangmoumou/.m2/repository/com/sun/xml/bind/jaxb-impl/2.2.3-1/jaxb-impl-2.2.3-1.jar:/Users/tangmoumou/.m2/repository/javax/xml/bind/jaxb-api/2.2.2/jaxb-api-2.2.2.jar:/Users/tangmoumou/.m2/repository/javax/xml/stream/stax-api/1.0-2/stax-api-1.0-2.jar:/Users/tangmoumou/.m2/repository/org/codehaus/jackson/jackson-jaxrs/1.8.3/jackson-jaxrs-1.8.3.jar:/Users/tangmoumou/.m2/repository/org/codehaus/jackson/jackson-xc/1.8.3/jackson-xc-1.8.3.jar:/Users/tangmoumou/.m2/repository/com/sun/jersey/jersey-server/1.9/jersey-server-1.9.jar:/Users/tangmoumou/.m2/repository/asm/asm/3.1/asm-3.1.jar:/Users/tangmoumou/.m2/repository/commons-logging/commons-logging/1.1.3/commons-logging-1.1.3.jar:/Users/tangmoumou/.m2/repository/commons-lang/commons-lang/2.6/commons-lang-2.6.jar:/Users/tangmoumou/.m2/repository/commons-configuration/commons-configuration/1.6/commons-configuration-1.6.jar:/Users/tangmoumou/.m2/repository/commons-digester/commons-digester/1.8/commons-digester-1.8.jar:/Users/tangmoumou/.m2/repository/commons-beanutils/commons-beanutils/1.7.0/commons-beanutils-1.7.0.jar:/Users/tangmoumou/.m2/repository/commons-beanutils/commons-beanutils-core/1.8.0/commons-beanutils-core-1.8.0.jar:/Users/tangmoumou/.m2/repository/org/codehaus/jackson/jackson-core-asl/1.9.13/jackson-core-asl-1.9.13.jar:/Users/tangmoumou/.m2/repository/org/codehaus/jackson/jackson-mapper-asl/1.9.13/jackson-mapper-asl-1.9.13.jar:/Users/tangmoumou/.m2/repository/org/apache/avro/avro/1.7.4/avro-1.7.4.jar:/Users/tangmoumou/.m2/repository/com/thoughtworks/paranamer/paranamer/2.3/paranamer-2.3.jar:/Users/tangmoumou/.m2/repository/org/xerial/snappy/snappy-java/1.0.4.1/snappy-java-1.0.4.1.jar:/Users/tangmoumou/.m2/repository/com/google/protobuf/protobuf-java/2.5.0/protobuf-java-2.5.0.jar:/Users/tangmoumou/.m2/repository/com/google/code/gson/gson/2.2.4/gson-2.2.4.jar:/Users/tangmoumou/.m2/repository/org/apache/hadoop/hadoop-auth/2.7.3/hadoop-auth-2.7.3.jar:/Users/tangmoumou/.m2/repository/org/apache/directory/server/apacheds-kerberos-codec/2.0.0-M15/apacheds-kerberos-codec-2.0.0-M15.jar:/Users/tangmoumou/.m2/repository/org/apache/directory/server/apacheds-i18n/2.0.0-M15/apacheds-i18n-2.0.0-M15.jar:/Users/tangmoumou/.m2/repository/org/apache/directory/api/api-asn1-api/1.0.0-M20/api-asn1-api-1.0.0-M20.jar:/Users/tangmoumou/.m2/repository/org/apache/directory/api/api-util/1.0.0-M20/api-util-1.0.0-M20.jar:/Users/tangmoumou/.m2/repository/org/apache/curator/curator-framework/2.12.0/curator-framework-2.12.0.jar:/Users/tangmoumou/.m2/repository/com/jcraft/jsch/0.1.54/jsch-0.1.54.jar:/Users/tangmoumou/.m2/repository/org/apache/curator/curator-client/2.12.0/curator-client-2.12.0.jar:/Users/tangmoumou/.m2/repository/org/apache/curator/curator-recipes/2.12.0/curator-recipes-2.12.0.jar:/Users/tangmoumou/.m2/repository/com/google/code/findbugs/jsr305/3.0.1/jsr305-3.0.1.jar:/Users/tangmoumou/.m2/repository/org/apache/htrace/htrace-core/3.1.0-incubating/htrace-core-3.1.0-incubating.jar:/Users/tangmoumou/.m2/repository/org/apache/zookeeper/zookeeper/3.4.13/zookeeper-3.4.13.jar:/Users/tangmoumou/.m2/repository/org/apache/yetus/audience-annotations/0.5.0/audience-annotations-0.5.0.jar:/Users/tangmoumou/.m2/repository/io/netty/netty/3.9.9.Final/netty-3.9.9.Final.jar:"/>
    <property name="java.vm.vendor" value="Oracle Corporation"/>
    <property name="sun.arch.data.model" value="64"/>
    <property name="java.vendor.url" value="http://java.oracle.com/"/>
    <property name="user.timezone" value="UTC"/>
    <property name="java.vm.specification.version" value="1.8"/>
    <property name="os.name" value="Mac OS X"/>
    <property name="user.country" value="CN"/>
    <property name="sun.java.launcher" value="SUN_STANDARD"/>
    <property name="sun.boot.library.path" value="/Library/Java/JavaVirtualMachines/jdk1.8.0_251.jdk/Contents/Home/jre/lib"/>
    <property name="sun.java.command" value="/Users/tangmoumou/bigdata_projects/apache-kylin-4.0.0/core-metrics/target/surefire/surefirebooter4745666365633248210.jar /Users/tangmoumou/bigdata_projects/apache-kylin-4.0.0/core-metrics/target/surefire 2021-10-27T11-04-51_762-jvmRun1 surefire5457247997554863653tmp surefire_35359199502378492471tmp"/>
    <property name="surefire.test.class.path" value="/Users/tangmoumou/bigdata_projects/apache-kylin-4.0.0/core-metrics/target/test-classes:/Users/tangmoumou/bigdata_projects/apache-kylin-4.0.0/core-metrics/target/classes:/Users/tangmoumou/bigdata_projects/apache-kylin-4.0.0/core-common/target/kylin-core-common-4.0.0.jar:/Users/tangmoumou/.m2/repository/org/apache/commons/commons-lang3/3.5/commons-lang3-3.5.jar:/Users/tangmoumou/.m2/repository/org/apache/commons/commons-email/1.5/commons-email-1.5.jar:/Users/tangmoumou/.m2/repository/com/sun/mail/javax.mail/1.5.6/javax.mail-1.5.6.jar:/Users/tangmoumou/.m2/repository/javax/activation/activation/1.1/activation-1.1.jar:/Users/tangmoumou/.m2/repository/org/apache/httpcomponents/httpclient/4.2.5/httpclient-4.2.5.jar:/Users/tangmoumou/.m2/repository/org/apache/httpcomponents/httpcore/4.2.4/httpcore-4.2.4.jar:/Users/tangmoumou/.m2/repository/com/fasterxml/jackson/core/jackson-databind/2.6.7/jackson-databind-2.6.7.jar:/Users/tangmoumou/.m2/repository/com/fasterxml/jackson/core/jackson-annotations/2.6.7/jackson-annotations-2.6.7.jar:/Users/tangmoumou/.m2/repository/com/fasterxml/jackson/core/jackson-core/2.6.7/jackson-core-2.6.7.jar:/Users/tangmoumou/.m2/repository/org/apache/curator/curator-x-discovery/2.12.0/curator-x-discovery-2.12.0.jar:/Users/tangmoumou/.m2/repository/org/freemarker/freemarker/2.3.23/freemarker-2.3.23.jar:/Users/tangmoumou/.m2/repository/org/apache/commons/commons-compress/1.18/commons-compress-1.18.jar:/Users/tangmoumou/.m2/repository/io/dropwizard/metrics/metrics-jvm/3.1.2/metrics-jvm-3.1.2.jar:/Users/tangmoumou/.m2/repository/io/dropwizard/metrics/metrics-json/3.1.2/metrics-json-3.1.2.jar:/Users/tangmoumou/.m2/repository/commons-dbcp/commons-dbcp/1.4/commons-dbcp-1.4.jar:/Users/tangmoumou/.m2/repository/commons-pool/commons-pool/1.5.4/commons-pool-1.5.4.jar:/Users/tangmoumou/.m2/repository/org/apache/kylin/kylin-shaded-guava/3.1.0/kylin-shaded-guava-3.1.0.jar:/Users/tangmoumou/.m2/repository/io/dropwizard/metrics/metrics-core/3.1.2/metrics-core-3.1.2.jar:/Users/tangmoumou/.m2/repository/com/google/guava/guava/14.0/guava-14.0.jar:/Users/tangmoumou/bigdata_projects/apache-kylin-4.0.0/core-common/target/kylin-core-common-4.0.0-tests.jar:/Users/tangmoumou/.m2/repository/junit/junit/4.12/junit-4.12.jar:/Users/tangmoumou/.m2/repository/org/hamcrest/hamcrest-core/1.3/hamcrest-core-1.3.jar:/Users/tangmoumou/.m2/repository/log4j/log4j/1.2.17/log4j-1.2.17.jar:/Users/tangmoumou/.m2/repository/org/slf4j/slf4j-log4j12/1.7.21/slf4j-log4j12-1.7.21.jar:/Users/tangmoumou/.m2/repository/org/slf4j/jcl-over-slf4j/1.7.21/jcl-over-slf4j-1.7.21.jar:/Users/tangmoumou/.m2/repository/org/slf4j/slf4j-api/1.7.21/slf4j-api-1.7.21.jar:/Users/tangmoumou/.m2/repository/org/apache/hadoop/hadoop-common/2.7.3/hadoop-common-2.7.3.jar:/Users/tangmoumou/.m2/repository/org/apache/hadoop/hadoop-annotations/2.7.3/hadoop-annotations-2.7.3.jar:/Library/Java/JavaVirtualMachines/jdk1.8.0_251.jdk/Contents/Home/jre/../lib/tools.jar:/Users/tangmoumou/.m2/repository/commons-cli/commons-cli/1.2/commons-cli-1.2.jar:/Users/tangmoumou/.m2/repository/org/apache/commons/commons-math3/3.1.1/commons-math3-3.1.1.jar:/Users/tangmoumou/.m2/repository/xmlenc/xmlenc/0.52/xmlenc-0.52.jar:/Users/tangmoumou/.m2/repository/commons-httpclient/commons-httpclient/3.1/commons-httpclient-3.1.jar:/Users/tangmoumou/.m2/repository/commons-codec/commons-codec/1.4/commons-codec-1.4.jar:/Users/tangmoumou/.m2/repository/commons-io/commons-io/2.4/commons-io-2.4.jar:/Users/tangmoumou/.m2/repository/commons-net/commons-net/3.1/commons-net-3.1.jar:/Users/tangmoumou/.m2/repository/commons-collections/commons-collections/3.2.2/commons-collections-3.2.2.jar:/Users/tangmoumou/.m2/repository/org/mortbay/jetty/jetty/6.1.26/jetty-6.1.26.jar:/Users/tangmoumou/.m2/repository/org/mortbay/jetty/jetty-util/6.1.26/jetty-util-6.1.26.jar:/Users/tangmoumou/.m2/repository/com/sun/jersey/jersey-core/1.9/jersey-core-1.9.jar:/Users/tangmoumou/.m2/repository/com/sun/jersey/jersey-json/1.9/jersey-json-1.9.jar:/Users/tangmoumou/.m2/repository/org/codehaus/jettison/jettison/1.1/jettison-1.1.jar:/Users/tangmoumou/.m2/repository/com/sun/xml/bind/jaxb-impl/2.2.3-1/jaxb-impl-2.2.3-1.jar:/Users/tangmoumou/.m2/repository/javax/xml/bind/jaxb-api/2.2.2/jaxb-api-2.2.2.jar:/Users/tangmoumou/.m2/repository/javax/xml/stream/stax-api/1.0-2/stax-api-1.0-2.jar:/Users/tangmoumou/.m2/repository/org/codehaus/jackson/jackson-jaxrs/1.8.3/jackson-jaxrs-1.8.3.jar:/Users/tangmoumou/.m2/repository/org/codehaus/jackson/jackson-xc/1.8.3/jackson-xc-1.8.3.jar:/Users/tangmoumou/.m2/repository/com/sun/jersey/jersey-server/1.9/jersey-server-1.9.jar:/Users/tangmoumou/.m2/repository/asm/asm/3.1/asm-3.1.jar:/Users/tangmoumou/.m2/repository/commons-logging/commons-logging/1.1.3/commons-logging-1.1.3.jar:/Users/tangmoumou/.m2/repository/commons-lang/commons-lang/2.6/commons-lang-2.6.jar:/Users/tangmoumou/.m2/repository/commons-configuration/commons-configuration/1.6/commons-configuration-1.6.jar:/Users/tangmoumou/.m2/repository/commons-digester/commons-digester/1.8/commons-digester-1.8.jar:/Users/tangmoumou/.m2/repository/commons-beanutils/commons-beanutils/1.7.0/commons-beanutils-1.7.0.jar:/Users/tangmoumou/.m2/repository/commons-beanutils/commons-beanutils-core/1.8.0/commons-beanutils-core-1.8.0.jar:/Users/tangmoumou/.m2/repository/org/codehaus/jackson/jackson-core-asl/1.9.13/jackson-core-asl-1.9.13.jar:/Users/tangmoumou/.m2/repository/org/codehaus/jackson/jackson-mapper-asl/1.9.13/jackson-mapper-asl-1.9.13.jar:/Users/tangmoumou/.m2/repository/org/apache/avro/avro/1.7.4/avro-1.7.4.jar:/Users/tangmoumou/.m2/repository/com/thoughtworks/paranamer/paranamer/2.3/paranamer-2.3.jar:/Users/tangmoumou/.m2/repository/org/xerial/snappy/snappy-java/1.0.4.1/snappy-java-1.0.4.1.jar:/Users/tangmoumou/.m2/repository/com/google/protobuf/protobuf-java/2.5.0/protobuf-java-2.5.0.jar:/Users/tangmoumou/.m2/repository/com/google/code/gson/gson/2.2.4/gson-2.2.4.jar:/Users/tangmoumou/.m2/repository/org/apache/hadoop/hadoop-auth/2.7.3/hadoop-auth-2.7.3.jar:/Users/tangmoumou/.m2/repository/org/apache/directory/server/apacheds-kerberos-codec/2.0.0-M15/apacheds-kerberos-codec-2.0.0-M15.jar:/Users/tangmoumou/.m2/repository/org/apache/directory/server/apacheds-i18n/2.0.0-M15/apacheds-i18n-2.0.0-M15.jar:/Users/tangmoumou/.m2/repository/org/apache/directory/api/api-asn1-api/1.0.0-M20/api-asn1-api-1.0.0-M20.jar:/Users/tangmoumou/.m2/repository/org/apache/directory/api/api-util/1.0.0-M20/api-util-1.0.0-M20.jar:/Users/tangmoumou/.m2/repository/org/apache/curator/curator-framework/2.12.0/curator-framework-2.12.0.jar:/Users/tangmoumou/.m2/repository/com/jcraft/jsch/0.1.54/jsch-0.1.54.jar:/Users/tangmoumou/.m2/repository/org/apache/curator/curator-client/2.12.0/curator-client-2.12.0.jar:/Users/tangmoumou/.m2/repository/org/apache/curator/curator-recipes/2.12.0/curator-recipes-2.12.0.jar:/Users/tangmoumou/.m2/repository/com/google/code/findbugs/jsr305/3.0.1/jsr305-3.0.1.jar:/Users/tangmoumou/.m2/repository/org/apache/htrace/htrace-core/3.1.0-incubating/htrace-core-3.1.0-incubating.jar:/Users/tangmoumou/.m2/repository/org/apache/zookeeper/zookeeper/3.4.13/zookeeper-3.4.13.jar:/Users/tangmoumou/.m2/repository/org/apache/yetus/audience-annotations/0.5.0/audience-annotations-0.5.0.jar:/Users/tangmoumou/.m2/repository/io/netty/netty/3.9.9.Final/netty-3.9.9.Final.jar:"/>
    <property name="sun.cpu.endian" value="little"/>
    <property name="user.home" value="/Users/tangmoumou"/>
    <property name="user.language" value="zh"/>
    <property name="java.specification.vendor" value="Oracle Corporation"/>
    <property name="java.home" value="/Library/Java/JavaVirtualMachines/jdk1.8.0_251.jdk/Contents/Home/jre"/>
    <property name="basedir" value="/Users/tangmoumou/bigdata_projects/apache-kylin-4.0.0/core-metrics"/>
    <property name="file.separator" value="/"/>
    <property name="line.separator" value="&#10;"/>
    <property name="java.vm.specification.vendor" value="Oracle Corporation"/>
    <property name="java.specification.name" value="Java Platform API Specification"/>
    <property name="java.awt.graphicsenv" value="sun.awt.CGraphicsEnvironment"/>
    <property name="surefire.real.class.path" value="/Users/tangmoumou/bigdata_projects/apache-kylin-4.0.0/core-metrics/target/surefire/surefirebooter4745666365633248210.jar:/Users/tangmoumou/bigdata_projects/apache-kylin-4.0.0/core-metrics/target/test-classes/jamm.jar:/Users/tangmoumou/.m2/repository/org/jacoco/org.jacoco.agent/0.8.2/org.jacoco.agent-0.8.2-runtime.jar"/>
    <property name="sun.boot.class.path" value="/Library/Java/JavaVirtualMachines/jdk1.8.0_251.jdk/Contents/Home/jre/lib/resources.jar:/Library/Java/JavaVirtualMachines/jdk1.8.0_251.jdk/Contents/Home/jre/lib/rt.jar:/Library/Java/JavaVirtualMachines/jdk1.8.0_251.jdk/Contents/Home/jre/lib/sunrsasign.jar:/Library/Java/JavaVirtualMachines/jdk1.8.0_251.jdk/Contents/Home/jre/lib/jsse.jar:/Library/Java/JavaVirtualMachines/jdk1.8.0_251.jdk/Contents/Home/jre/lib/jce.jar:/Library/Java/JavaVirtualMachines/jdk1.8.0_251.jdk/Contents/Home/jre/lib/charsets.jar:/Library/Java/JavaVirtualMachines/jdk1.8.0_251.jdk/Contents/Home/jre/lib/jfr.jar:/Library/Java/JavaVirtualMachines/jdk1.8.0_251.jdk/Contents/Home/jre/classes"/>
    <property name="sun.management.compiler" value="HotSpot 64-Bit Tiered Compilers"/>
    <property name="java.runtime.version" value="1.8.0_251-b08"/>
    <property name="user.name" value="tangmoumou"/>
    <property name="path.separator" value=":"/>
    <property name="os.version" value="10.16"/>
    <property name="java.endorsed.dirs" value="/Library/Java/JavaVirtualMachines/jdk1.8.0_251.jdk/Contents/Home/jre/lib/endorsed"/>
    <property name="java.runtime.name" value="Java(TM) SE Runtime Environment"/>
    <property name="file.encoding" value="UTF-8"/>
    <property name="java.vm.name" value="Java HotSpot(TM) 64-Bit Server VM"/>
    <property name="localRepository" value="/Users/tangmoumou/.m2/repository"/>
    <property name="java.vendor.url.bug" value="http://bugreport.sun.com/bugreport/"/>
    <property name="java.io.tmpdir" value="/var/folders/ph/0c0rbw0j66v6mpd7k8t25fxm0000gn/T/"/>
    <property name="java.version" value="1.8.0_251"/>
    <property name="user.dir" value="/Users/tangmoumou/bigdata_projects/apache-kylin-4.0.0/core-metrics"/>
    <property name="os.arch" value="x86_64"/>
    <property name="java.vm.specification.name" value="Java Virtual Machine Specification"/>
    <property name="java.awt.printerjob" value="sun.lwawt.macosx.CPrinterJob"/>
    <property name="sun.os.patch.level" value="unknown"/>
    <property name="java.library.path" value="/Users/tangmoumou/Library/Java/Extensions:/Library/Java/Extensions:/Network/Library/Java/Extensions:/System/Library/Java/Extensions:/usr/lib/java:."/>
    <property name="java.vm.info" value="mixed mode"/>
    <property name="java.vendor" value="Oracle Corporation"/>
    <property name="java.vm.version" value="25.251-b08"/>
    <property name="java.ext.dirs" value="/Users/tangmoumou/Library/Java/Extensions:/Library/Java/JavaVirtualMachines/jdk1.8.0_251.jdk/Contents/Home/jre/lib/ext:/Library/Java/Extensions:/Network/Library/Java/Extensions:/System/Library/Java/Extensions:/usr/lib/java"/>
    <property name="sun.io.unicode.encoding" value="UnicodeBig"/>
    <property name="java.class.version" value="52.0"/>
  </properties>
  <testcase name="testFormatted" classname="org.apache.kylin.metrics.lib.impl.RecordEventTimeDetailTest" time="0"/>
</testsuite>