<?xml version="1.0" encoding="UTF-8"?>
<testsuite xmlns:xsi="http://www.w3.org/2001/XMLSchema-instance" xsi:noNamespaceSchemaLocation="https://maven.apache.org/surefire/maven-surefire-plugin/xsd/surefire-test-report.xsd" name="org.apache.kylin.source.hive.BeelineHIveClientTest" time="0.001" tests="1" errors="0" skipped="0" failures="0">
  <properties>
    <property name="gopherProxySet" value="false"/>
    <property name="awt.toolkit" value="sun.lwawt.macosx.LWCToolkit"/>
    <property name="log4j.configuration" value="file:/Users/tangmoumou/bigdata_projects/apache-kylin-4.0.0/source-hive/../build/conf/kylin-tools-log4j.properties"/>
    <property name="buildCubeUsingProvidedData" value="false"/>
    <property name="file.encoding.pkg" value="sun.io"/>
    <property name="java.specification.version" value="1.8"/>
    <property name="sun.cpu.isalist" value=""/>
    <property name="sun.jnu.encoding" value="UTF-8"/>
    <property name="java.class.path" value="/Users/tangmoumou/bigdata_projects/apache-kylin-4.0.0/source-hive/target/test-classes:/Users/tangmoumou/bigdata_projects/apache-kylin-4.0.0/source-hive/target/classes:/Users/tangmoumou/bigdata_projects/apache-kylin-4.0.0/build-engine/target/kylin-build-engine-4.0.0.jar:/Users/tangmoumou/bigdata_projects/apache-kylin-4.0.0/core-cube/target/kylin-core-cube-4.0.0.jar:/Users/tangmoumou/bigdata_projects/apache-kylin-4.0.0/core-metadata/target/kylin-core-metadata-4.0.0.jar:/Users/tangmoumou/.m2/repository/org/apache/calcite/avatica/avatica/1.12.0/avatica-1.12.0.jar:/Users/tangmoumou/.m2/repository/net/sf/ehcache/ehcache/2.10.2.2.21/ehcache-2.10.2.2.21.jar:/Users/tangmoumou/.m2/repository/org/roaringbitmap/RoaringBitmap/0.7.36-os-kylin-r1/RoaringBitmap-0.7.36-os-kylin-r1.jar:/Users/tangmoumou/.m2/repository/org/roaringbitmap/shims/0.7.36-os-kylin-r1/shims-0.7.36-os-kylin-r1.jar:/Users/tangmoumou/.m2/repository/com/tdunning/t-digest/3.1/t-digest-3.1.jar:/Users/tangmoumou/.m2/repository/commons-validator/commons-validator/1.4.0/commons-validator-1.4.0.jar:/Users/tangmoumou/.m2/repository/commons-beanutils/commons-beanutils/1.8.3/commons-beanutils-1.8.3.jar:/Users/tangmoumou/bigdata_projects/apache-kylin-4.0.0/core-job/target/kylin-core-job-4.0.0.jar:/Users/tangmoumou/bigdata_projects/apache-kylin-4.0.0/core-storage/target/kylin-core-storage-4.0.0.jar:/Users/tangmoumou/bigdata_projects/apache-kylin-4.0.0/core-metrics/target/kylin-core-metrics-4.0.0.jar:/Users/tangmoumou/bigdata_projects/apache-kylin-4.0.0/core-common/target/kylin-core-common-4.0.0.jar:/Users/tangmoumou/.m2/repository/io/dropwizard/metrics/metrics-core/3.1.2/metrics-core-3.1.2.jar:/Users/tangmoumou/.m2/repository/com/h2database/h2/1.4.196/h2-1.4.196.jar:/Users/tangmoumou/bigdata_projects/apache-kylin-4.0.0/core-common/target/kylin-core-common-4.0.0-tests.jar:/Users/tangmoumou/.m2/repository/org/apache/commons/commons-lang3/3.5/commons-lang3-3.5.jar:/Users/tangmoumou/.m2/repository/org/apache/commons/commons-email/1.5/commons-email-1.5.jar:/Users/tangmoumou/.m2/repository/com/sun/mail/javax.mail/1.5.6/javax.mail-1.5.6.jar:/Users/tangmoumou/.m2/repository/javax/activation/activation/1.1/activation-1.1.jar:/Users/tangmoumou/.m2/repository/org/apache/httpcomponents/httpclient/4.2.5/httpclient-4.2.5.jar:/Users/tangmoumou/.m2/repository/com/fasterxml/jackson/core/jackson-databind/2.6.7/jackson-databind-2.6.7.jar:/Users/tangmoumou/.m2/repository/com/fasterxml/jackson/core/jackson-annotations/2.6.7/jackson-annotations-2.6.7.jar:/Users/tangmoumou/.m2/repository/com/fasterxml/jackson/core/jackson-core/2.6.7/jackson-core-2.6.7.jar:/Users/tangmoumou/.m2/repository/org/apache/curator/curator-x-discovery/2.12.0/curator-x-discovery-2.12.0.jar:/Users/tangmoumou/.m2/repository/org/freemarker/freemarker/2.3.23/freemarker-2.3.23.jar:/Users/tangmoumou/.m2/repository/org/apache/commons/commons-compress/1.18/commons-compress-1.18.jar:/Users/tangmoumou/.m2/repository/io/dropwizard/metrics/metrics-jvm/3.1.2/metrics-jvm-3.1.2.jar:/Users/tangmoumou/.m2/repository/io/dropwizard/metrics/metrics-json/3.1.2/metrics-json-3.1.2.jar:/Users/tangmoumou/.m2/repository/commons-dbcp/commons-dbcp/1.4/commons-dbcp-1.4.jar:/Users/tangmoumou/.m2/repository/commons-pool/commons-pool/1.5.4/commons-pool-1.5.4.jar:/Users/tangmoumou/.m2/repository/org/apache/kylin/kylin-shaded-guava/3.1.0/kylin-shaded-guava-3.1.0.jar:/Users/tangmoumou/.m2/repository/org/apache/hadoop/hadoop-mapreduce-client-jobclient/2.7.3/hadoop-mapreduce-client-jobclient-2.7.3.jar:/Users/tangmoumou/.m2/repository/org/apache/hadoop/hadoop-mapreduce-client-common/2.7.3/hadoop-mapreduce-client-common-2.7.3.jar:/Users/tangmoumou/.m2/repository/org/apache/hadoop/hadoop-yarn-common/2.7.3/hadoop-yarn-common-2.7.3.jar:/Users/tangmoumou/.m2/repository/org/apache/hadoop/hadoop-yarn-api/2.7.3/hadoop-yarn-api-2.7.3.jar:/Users/tangmoumou/.m2/repository/javax/xml/bind/jaxb-api/2.2.2/jaxb-api-2.2.2.jar:/Users/tangmoumou/.m2/repository/javax/xml/stream/stax-api/1.0-2/stax-api-1.0-2.jar:/Users/tangmoumou/.m2/repository/javax/servlet/servlet-api/2.5/servlet-api-2.5.jar:/Users/tangmoumou/.m2/repository/com/sun/jersey/jersey-client/1.9/jersey-client-1.9.jar:/Users/tangmoumou/.m2/repository/com/sun/jersey/contribs/jersey-guice/1.9/jersey-guice-1.9.jar:/Users/tangmoumou/.m2/repository/org/apache/hadoop/hadoop-yarn-client/2.7.3/hadoop-yarn-client-2.7.3.jar:/Users/tangmoumou/.m2/repository/org/apache/hadoop/hadoop-mapreduce-client-core/2.7.3/hadoop-mapreduce-client-core-2.7.3.jar:/Users/tangmoumou/.m2/repository/org/apache/hadoop/hadoop-yarn-server-common/2.7.3/hadoop-yarn-server-common-2.7.3.jar:/Users/tangmoumou/.m2/repository/org/apache/hadoop/hadoop-mapreduce-client-shuffle/2.7.3/hadoop-mapreduce-client-shuffle-2.7.3.jar:/Users/tangmoumou/.m2/repository/org/apache/hadoop/hadoop-yarn-server-nodemanager/2.7.3/hadoop-yarn-server-nodemanager-2.7.3.jar:/Users/tangmoumou/.m2/repository/org/fusesource/leveldbjni/leveldbjni-all/1.8/leveldbjni-all-1.8.jar:/Users/tangmoumou/.m2/repository/com/google/protobuf/protobuf-java/2.5.0/protobuf-java-2.5.0.jar:/Users/tangmoumou/.m2/repository/org/apache/avro/avro/1.7.4/avro-1.7.4.jar:/Users/tangmoumou/.m2/repository/com/thoughtworks/paranamer/paranamer/2.3/paranamer-2.3.jar:/Users/tangmoumou/.m2/repository/org/xerial/snappy/snappy-java/1.0.4.1/snappy-java-1.0.4.1.jar:/Users/tangmoumou/.m2/repository/org/apache/hadoop/hadoop-annotations/2.7.3/hadoop-annotations-2.7.3.jar:/Library/Java/JavaVirtualMachines/jdk1.8.0_251.jdk/Contents/Home/jre/../lib/tools.jar:/Users/tangmoumou/.m2/repository/com/google/inject/extensions/guice-servlet/3.0/guice-servlet-3.0.jar:/Users/tangmoumou/.m2/repository/com/google/inject/guice/3.0/guice-3.0.jar:/Users/tangmoumou/.m2/repository/javax/inject/javax.inject/1/javax.inject-1.jar:/Users/tangmoumou/.m2/repository/aopalliance/aopalliance/1.0/aopalliance-1.0.jar:/Users/tangmoumou/.m2/repository/io/netty/netty/3.9.9.Final/netty-3.9.9.Final.jar:/Users/tangmoumou/.m2/repository/org/apache/hive/hcatalog/hive-hcatalog-core/1.2.1/hive-hcatalog-core-1.2.1.jar:/Users/tangmoumou/.m2/repository/org/apache/hive/hive-cli/1.2.1/hive-cli-1.2.1.jar:/Users/tangmoumou/.m2/repository/jline/jline/2.12/jline-2.12.jar:/Users/tangmoumou/.m2/repository/org/apache/hive/hive-common/1.2.1/hive-common-1.2.1.jar:/Users/tangmoumou/.m2/repository/joda-time/joda-time/2.5/joda-time-2.5.jar:/Users/tangmoumou/.m2/repository/log4j/apache-log4j-extras/1.2.17/apache-log4j-extras-1.2.17.jar:/Users/tangmoumou/.m2/repository/org/apache/ant/ant/1.9.1/ant-1.9.1.jar:/Users/tangmoumou/.m2/repository/org/apache/ant/ant-launcher/1.9.1/ant-launcher-1.9.1.jar:/Users/tangmoumou/.m2/repository/org/json/json/20090211/json-20090211.jar:/Users/tangmoumou/.m2/repository/org/apache/hive/hive-metastore/1.2.1/hive-metastore-1.2.1.jar:/Users/tangmoumou/.m2/repository/com/jolbox/bonecp/0.8.0.RELEASE/bonecp-0.8.0.RELEASE.jar:/Users/tangmoumou/.m2/repository/org/apache/derby/derby/10.10.2.0/derby-10.10.2.0.jar:/Users/tangmoumou/.m2/repository/org/datanucleus/datanucleus-api-jdo/3.2.6/datanucleus-api-jdo-3.2.6.jar:/Users/tangmoumou/.m2/repository/org/datanucleus/datanucleus-core/3.2.10/datanucleus-core-3.2.10.jar:/Users/tangmoumou/.m2/repository/org/datanucleus/datanucleus-rdbms/3.2.9/datanucleus-rdbms-3.2.9.jar:/Users/tangmoumou/.m2/repository/javax/jdo/jdo-api/3.0.1/jdo-api-3.0.1.jar:/Users/tangmoumou/.m2/repository/javax/transaction/jta/1.1/jta-1.1.jar:/Users/tangmoumou/.m2/repository/org/antlr/antlr-runtime/3.4/antlr-runtime-3.4.jar:/Users/tangmoumou/.m2/repository/org/antlr/stringtemplate/3.2.1/stringtemplate-3.2.1.jar:/Users/tangmoumou/.m2/repository/antlr/antlr/2.7.7/antlr-2.7.7.jar:/Users/tangmoumou/.m2/repository/org/apache/thrift/libfb303/0.9.2/libfb303-0.9.2.jar:/Users/tangmoumou/.m2/repository/org/apache/hive/hive-exec/1.2.1/hive-exec-1.2.1.jar:/Users/tangmoumou/.m2/repository/org/apache/hive/hive-ant/1.2.1/hive-ant-1.2.1.jar:/Users/tangmoumou/.m2/repository/org/apache/velocity/velocity/1.5/velocity-1.5.jar:/Users/tangmoumou/.m2/repository/oro/oro/2.0.8/oro-2.0.8.jar:/Users/tangmoumou/.m2/repository/org/antlr/ST4/4.0.4/ST4-4.0.4.jar:/Users/tangmoumou/.m2/repository/org/apache/ivy/ivy/2.4.0/ivy-2.4.0.jar:/Users/tangmoumou/.m2/repository/org/codehaus/groovy/groovy-all/2.1.6/groovy-all-2.1.6.jar:/Users/tangmoumou/.m2/repository/org/apache/calcite/calcite-core/1.16.0-kylin-r5/calcite-core-1.16.0-kylin-r5.jar:/Users/tangmoumou/.m2/repository/org/apache/calcite/avatica/avatica-core/1.12.0/avatica-core-1.12.0.jar:/Users/tangmoumou/.m2/repository/org/apache/calcite/avatica/avatica-metrics/1.12.0/avatica-metrics-1.12.0.jar:/Users/tangmoumou/.m2/repository/org/apache/calcite/calcite-linq4j/1.16.0-kylin-r5/calcite-linq4j-1.16.0-kylin-r5.jar:/Users/tangmoumou/.m2/repository/com/esri/geometry/esri-geometry-api/2.0.0/esri-geometry-api-2.0.0.jar:/Users/tangmoumou/.m2/repository/com/yahoo/datasketches/sketches-core/0.9.0/sketches-core-0.9.0.jar:/Users/tangmoumou/.m2/repository/com/yahoo/datasketches/memory/0.9.0/memory-0.9.0.jar:/Users/tangmoumou/.m2/repository/net/hydromatic/aggdesigner-algorithm/6.0/aggdesigner-algorithm-6.0.jar:/Users/tangmoumou/.m2/repository/org/codehaus/janino/janino/3.0.16/janino-3.0.16.jar:/Users/tangmoumou/.m2/repository/org/codehaus/janino/commons-compiler/3.0.16/commons-compiler-3.0.16.jar:/Users/tangmoumou/.m2/repository/org/apache/calcite/calcite-avatica/1.2.0-incubating/calcite-avatica-1.2.0-incubating.jar:/Users/tangmoumou/.m2/repository/stax/stax-api/1.0.1/stax-api-1.0.1.jar:/Users/tangmoumou/.m2/repository/com/google/guava/guava/14.0/guava-14.0.jar:/Users/tangmoumou/.m2/repository/org/codehaus/jackson/jackson-mapper-asl/1.9.2/jackson-mapper-asl-1.9.2.jar:/Users/tangmoumou/.m2/repository/org/apache/hive/hive-jdbc/1.2.1/hive-jdbc-1.2.1.jar:/Users/tangmoumou/.m2/repository/org/apache/hive/hive-service/1.2.1/hive-service-1.2.1.jar:/Users/tangmoumou/.m2/repository/net/sf/jpam/jpam/1.1/jpam-1.1.jar:/Users/tangmoumou/.m2/repository/org/eclipse/jetty/aggregate/jetty-all/7.6.0.v20120127/jetty-all-7.6.0.v20120127.jar:/Users/tangmoumou/.m2/repository/org/apache/geronimo/specs/geronimo-jta_1.1_spec/1.1.1/geronimo-jta_1.1_spec-1.1.1.jar:/Users/tangmoumou/.m2/repository/javax/mail/mail/1.4.1/mail-1.4.1.jar:/Users/tangmoumou/.m2/repository/org/apache/geronimo/specs/geronimo-jaspic_1.0_spec/1.0/geronimo-jaspic_1.0_spec-1.0.jar:/Users/tangmoumou/.m2/repository/org/apache/geronimo/specs/geronimo-annotation_1.0_spec/1.1.1/geronimo-annotation_1.0_spec-1.1.1.jar:/Users/tangmoumou/.m2/repository/asm/asm-commons/3.1/asm-commons-3.1.jar:/Users/tangmoumou/.m2/repository/asm/asm-tree/3.1/asm-tree-3.1.jar:/Users/tangmoumou/.m2/repository/org/apache/hive/hive-serde/1.2.1/hive-serde-1.2.1.jar:/Users/tangmoumou/.m2/repository/net/sf/opencsv/opencsv/2.3/opencsv-2.3.jar:/Users/tangmoumou/.m2/repository/com/twitter/parquet-hadoop-bundle/1.6.0/parquet-hadoop-bundle-1.6.0.jar:/Users/tangmoumou/.m2/repository/org/apache/hive/hive-shims/1.2.1/hive-shims-1.2.1.jar:/Users/tangmoumou/.m2/repository/org/apache/hive/shims/hive-shims-common/1.2.1/hive-shims-common-1.2.1.jar:/Users/tangmoumou/.m2/repository/org/apache/hive/shims/hive-shims-0.20S/1.2.1/hive-shims-0.20S-1.2.1.jar:/Users/tangmoumou/.m2/repository/org/apache/hive/shims/hive-shims-0.23/1.2.1/hive-shims-0.23-1.2.1.jar:/Users/tangmoumou/.m2/repository/org/apache/hadoop/hadoop-yarn-server-resourcemanager/2.7.3/hadoop-yarn-server-resourcemanager-2.7.3.jar:/Users/tangmoumou/.m2/repository/org/apache/hadoop/hadoop-yarn-server-applicationhistoryservice/2.7.3/hadoop-yarn-server-applicationhistoryservice-2.7.3.jar:/Users/tangmoumou/.m2/repository/org/apache/hadoop/hadoop-yarn-server-web-proxy/2.7.3/hadoop-yarn-server-web-proxy-2.7.3.jar:/Users/tangmoumou/.m2/repository/org/apache/zookeeper/zookeeper/3.4.6/zookeeper-3.4.6-tests.jar:/Users/tangmoumou/.m2/repository/org/apache/hive/shims/hive-shims-scheduler/1.2.1/hive-shims-scheduler-1.2.1.jar:/Users/tangmoumou/.m2/repository/commons-logging/commons-logging/1.1.3/commons-logging-1.1.3.jar:/Users/tangmoumou/.m2/repository/org/apache/httpcomponents/httpcore/4.4/httpcore-4.4.jar:/Users/tangmoumou/.m2/repository/org/apache/thrift/libthrift/0.9.2/libthrift-0.9.2.jar:/Users/tangmoumou/.m2/repository/org/apache/zookeeper/zookeeper/3.4.13/zookeeper-3.4.13.jar:/Users/tangmoumou/.m2/repository/org/apache/yetus/audience-annotations/0.5.0/audience-annotations-0.5.0.jar:/Users/tangmoumou/.m2/repository/org/apache/curator/curator-framework/2.12.0/curator-framework-2.12.0.jar:/Users/tangmoumou/.m2/repository/org/apache/mrunit/mrunit/1.1.0/mrunit-1.1.0-hadoop2.jar:/Users/tangmoumou/.m2/repository/junit/junit/4.12/junit-4.12.jar:/Users/tangmoumou/.m2/repository/org/hamcrest/hamcrest-core/1.3/hamcrest-core-1.3.jar:/Users/tangmoumou/.m2/repository/org/powermock/powermock-module-junit4/1.7.0/powermock-module-junit4-1.7.0.jar:/Users/tangmoumou/.m2/repository/org/powermock/powermock-module-junit4-common/1.7.0/powermock-module-junit4-common-1.7.0.jar:/Users/tangmoumou/.m2/repository/org/powermock/powermock-core/1.7.0/powermock-core-1.7.0.jar:/Users/tangmoumou/.m2/repository/org/powermock/powermock-reflect/1.7.0/powermock-reflect-1.7.0.jar:/Users/tangmoumou/.m2/repository/org/javassist/javassist/3.21.0-GA/javassist-3.21.0-GA.jar:/Users/tangmoumou/.m2/repository/org/powermock/powermock-api-mockito/1.7.0/powermock-api-mockito-1.7.0.jar:/Users/tangmoumou/.m2/repository/org/powermock/powermock-api-mockito-common/1.7.0/powermock-api-mockito-common-1.7.0.jar:/Users/tangmoumou/.m2/repository/org/powermock/powermock-api-support/1.7.0/powermock-api-support-1.7.0.jar:/Users/tangmoumou/.m2/repository/org/mockito/mockito-core/1.10.19/mockito-core-1.10.19.jar:/Users/tangmoumou/.m2/repository/org/objenesis/objenesis/2.1/objenesis-2.1.jar:/Users/tangmoumou/.m2/repository/log4j/log4j/1.2.17/log4j-1.2.17.jar:/Users/tangmoumou/.m2/repository/org/slf4j/slf4j-log4j12/1.7.21/slf4j-log4j12-1.7.21.jar:/Users/tangmoumou/.m2/repository/org/slf4j/jcl-over-slf4j/1.7.21/jcl-over-slf4j-1.7.21.jar:/Users/tangmoumou/.m2/repository/org/slf4j/slf4j-api/1.7.21/slf4j-api-1.7.21.jar:/Users/tangmoumou/.m2/repository/org/apache/hadoop/hadoop-common/2.7.3/hadoop-common-2.7.3.jar:/Users/tangmoumou/.m2/repository/commons-cli/commons-cli/1.2/commons-cli-1.2.jar:/Users/tangmoumou/.m2/repository/org/apache/commons/commons-math3/3.1.1/commons-math3-3.1.1.jar:/Users/tangmoumou/.m2/repository/xmlenc/xmlenc/0.52/xmlenc-0.52.jar:/Users/tangmoumou/.m2/repository/commons-httpclient/commons-httpclient/3.1/commons-httpclient-3.1.jar:/Users/tangmoumou/.m2/repository/commons-codec/commons-codec/1.4/commons-codec-1.4.jar:/Users/tangmoumou/.m2/repository/commons-io/commons-io/2.4/commons-io-2.4.jar:/Users/tangmoumou/.m2/repository/commons-net/commons-net/3.1/commons-net-3.1.jar:/Users/tangmoumou/.m2/repository/commons-collections/commons-collections/3.2.2/commons-collections-3.2.2.jar:/Users/tangmoumou/.m2/repository/org/mortbay/jetty/jetty/6.1.26/jetty-6.1.26.jar:/Users/tangmoumou/.m2/repository/org/mortbay/jetty/jetty-util/6.1.26/jetty-util-6.1.26.jar:/Users/tangmoumou/.m2/repository/com/sun/jersey/jersey-core/1.9/jersey-core-1.9.jar:/Users/tangmoumou/.m2/repository/com/sun/jersey/jersey-json/1.9/jersey-json-1.9.jar:/Users/tangmoumou/.m2/repository/org/codehaus/jettison/jettison/1.1/jettison-1.1.jar:/Users/tangmoumou/.m2/repository/com/sun/xml/bind/jaxb-impl/2.2.3-1/jaxb-impl-2.2.3-1.jar:/Users/tangmoumou/.m2/repository/org/codehaus/jackson/jackson-jaxrs/1.8.3/jackson-jaxrs-1.8.3.jar:/Users/tangmoumou/.m2/repository/org/codehaus/jackson/jackson-xc/1.8.3/jackson-xc-1.8.3.jar:/Users/tangmoumou/.m2/repository/com/sun/jersey/jersey-server/1.9/jersey-server-1.9.jar:/Users/tangmoumou/.m2/repository/asm/asm/3.1/asm-3.1.jar:/Users/tangmoumou/.m2/repository/commons-lang/commons-lang/2.6/commons-lang-2.6.jar:/Users/tangmoumou/.m2/repository/commons-configuration/commons-configuration/1.6/commons-configuration-1.6.jar:/Users/tangmoumou/.m2/repository/commons-digester/commons-digester/1.8/commons-digester-1.8.jar:/Users/tangmoumou/.m2/repository/commons-beanutils/commons-beanutils-core/1.8.0/commons-beanutils-core-1.8.0.jar:/Users/tangmoumou/.m2/repository/org/codehaus/jackson/jackson-core-asl/1.9.13/jackson-core-asl-1.9.13.jar:/Users/tangmoumou/.m2/repository/com/google/code/gson/gson/2.2.4/gson-2.2.4.jar:/Users/tangmoumou/.m2/repository/org/apache/hadoop/hadoop-auth/2.7.3/hadoop-auth-2.7.3.jar:/Users/tangmoumou/.m2/repository/org/apache/directory/server/apacheds-kerberos-codec/2.0.0-M15/apacheds-kerberos-codec-2.0.0-M15.jar:/Users/tangmoumou/.m2/repository/org/apache/directory/server/apacheds-i18n/2.0.0-M15/apacheds-i18n-2.0.0-M15.jar:/Users/tangmoumou/.m2/repository/org/apache/directory/api/api-asn1-api/1.0.0-M20/api-asn1-api-1.0.0-M20.jar:/Users/tangmoumou/.m2/repository/org/apache/directory/api/api-util/1.0.0-M20/api-util-1.0.0-M20.jar:/Users/tangmoumou/.m2/repository/com/jcraft/jsch/0.1.54/jsch-0.1.54.jar:/Users/tangmoumou/.m2/repository/org/apache/curator/curator-client/2.12.0/curator-client-2.12.0.jar:/Users/tangmoumou/.m2/repository/org/apache/curator/curator-recipes/2.12.0/curator-recipes-2.12.0.jar:/Users/tangmoumou/.m2/repository/com/google/code/findbugs/jsr305/3.0.1/jsr305-3.0.1.jar:/Users/tangmoumou/.m2/repository/org/apache/htrace/htrace-core/3.1.0-incubating/htrace-core-3.1.0-incubating.jar:"/>
    <property name="java.vm.vendor" value="Oracle Corporation"/>
    <property name="sun.arch.data.model" value="64"/>
    <property name="java.vendor.url" value="http://java.oracle.com/"/>
    <property name="user.timezone" value="UTC"/>
    <property name="java.vm.specification.version" value="1.8"/>
    <property name="os.name" value="Mac OS X"/>
    <property name="user.country" value="CN"/>
    <property name="sun.java.launcher" value="SUN_STANDARD"/>
    <property name="sun.boot.library.path" value="/Library/Java/JavaVirtualMachines/jdk1.8.0_251.jdk/Contents/Home/jre/lib"/>
    <property name="sun.java.command" value="/Users/tangmoumou/bigdata_projects/apache-kylin-4.0.0/source-hive/target/surefire/surefirebooter1171116598762838065.jar /Users/tangmoumou/bigdata_projects/apache-kylin-4.0.0/source-hive/target/surefire 2021-10-27T11-04-51_762-jvmRun1 surefire7243437716668125860tmp surefire_62230821420654676487tmp"/>
    <property name="surefire.test.class.path" value="/Users/tangmoumou/bigdata_projects/apache-kylin-4.0.0/source-hive/target/test-classes:/Users/tangmoumou/bigdata_projects/apache-kylin-4.0.0/source-hive/target/classes:/Users/tangmoumou/bigdata_projects/apache-kylin-4.0.0/build-engine/target/kylin-build-engine-4.0.0.jar:/Users/tangmoumou/bigdata_projects/apache-kylin-4.0.0/core-cube/target/kylin-core-cube-4.0.0.jar:/Users/tangmoumou/bigdata_projects/apache-kylin-4.0.0/core-metadata/target/kylin-core-metadata-4.0.0.jar:/Users/tangmoumou/.m2/repository/org/apache/calcite/avatica/avatica/1.12.0/avatica-1.12.0.jar:/Users/tangmoumou/.m2/repository/net/sf/ehcache/ehcache/2.10.2.2.21/ehcache-2.10.2.2.21.jar:/Users/tangmoumou/.m2/repository/org/roaringbitmap/RoaringBitmap/0.7.36-os-kylin-r1/RoaringBitmap-0.7.36-os-kylin-r1.jar:/Users/tangmoumou/.m2/repository/org/roaringbitmap/shims/0.7.36-os-kylin-r1/shims-0.7.36-os-kylin-r1.jar:/Users/tangmoumou/.m2/repository/com/tdunning/t-digest/3.1/t-digest-3.1.jar:/Users/tangmoumou/.m2/repository/commons-validator/commons-validator/1.4.0/commons-validator-1.4.0.jar:/Users/tangmoumou/.m2/repository/commons-beanutils/commons-beanutils/1.8.3/commons-beanutils-1.8.3.jar:/Users/tangmoumou/bigdata_projects/apache-kylin-4.0.0/core-job/target/kylin-core-job-4.0.0.jar:/Users/tangmoumou/bigdata_projects/apache-kylin-4.0.0/core-storage/target/kylin-core-storage-4.0.0.jar:/Users/tangmoumou/bigdata_projects/apache-kylin-4.0.0/core-metrics/target/kylin-core-metrics-4.0.0.jar:/Users/tangmoumou/bigdata_projects/apache-kylin-4.0.0/core-common/target/kylin-core-common-4.0.0.jar:/Users/tangmoumou/.m2/repository/io/dropwizard/metrics/metrics-core/3.1.2/metrics-core-3.1.2.jar:/Users/tangmoumou/.m2/repository/com/h2database/h2/1.4.196/h2-1.4.196.jar:/Users/tangmoumou/bigdata_projects/apache-kylin-4.0.0/core-common/target/kylin-core-common-4.0.0-tests.jar:/Users/tangmoumou/.m2/repository/org/apache/commons/commons-lang3/3.5/commons-lang3-3.5.jar:/Users/tangmoumou/.m2/repository/org/apache/commons/commons-email/1.5/commons-email-1.5.jar:/Users/tangmoumou/.m2/repository/com/sun/mail/javax.mail/1.5.6/javax.mail-1.5.6.jar:/Users/tangmoumou/.m2/repository/javax/activation/activation/1.1/activation-1.1.jar:/Users/tangmoumou/.m2/repository/org/apache/httpcomponents/httpclient/4.2.5/httpclient-4.2.5.jar:/Users/tangmoumou/.m2/repository/com/fasterxml/jackson/core/jackson-databind/2.6.7/jackson-databind-2.6.7.jar:/Users/tangmoumou/.m2/repository/com/fasterxml/jackson/core/jackson-annotations/2.6.7/jackson-annotations-2.6.7.jar:/Users/tangmoumou/.m2/repository/com/fasterxml/jackson/core/jackson-core/2.6.7/jackson-core-2.6.7.jar:/Users/tangmoumou/.m2/repository/org/apache/curator/curator-x-discovery/2.12.0/curator-x-discovery-2.12.0.jar:/Users/tangmoumou/.m2/repository/org/freemarker/freemarker/2.3.23/freemarker-2.3.23.jar:/Users/tangmoumou/.m2/repository/org/apache/commons/commons-compress/1.18/commons-compress-1.18.jar:/Users/tangmoumou/.m2/repository/io/dropwizard/metrics/metrics-jvm/3.1.2/metrics-jvm-3.1.2.jar:/Users/tangmoumou/.m2/repository/io/dropwizard/metrics/metrics-json/3.1.2/metrics-json-3.1.2.jar:/Users/tangmoumou/.m2/repository/commons-dbcp/commons-dbcp/1.4/commons-dbcp-1.4.jar:/Users/tangmoumou/.m2/repository/commons-pool/commons-pool/1.5.4/commons-pool-1.5.4.jar:/Users/tangmoumou/.m2/repository/org/apache/kylin/kylin-shaded-guava/3.1.0/kylin-shaded-guava-3.1.0.jar:/Users/tangmoumou/.m2/repository/org/apache/hadoop/hadoop-mapreduce-client-jobclient/2.7.3/hadoop-mapreduce-client-jobclient-2.7.3.jar:/Users/tangmoumou/.m2/repository/org/apache/hadoop/hadoop-mapreduce-client-common/2.7.3/hadoop-mapreduce-client-common-2.7.3.jar:/Users/tangmoumou/.m2/repository/org/apache/hadoop/hadoop-yarn-common/2.7.3/hadoop-yarn-common-2.7.3.jar:/Users/tangmoumou/.m2/repository/org/apache/hadoop/hadoop-yarn-api/2.7.3/hadoop-yarn-api-2.7.3.jar:/Users/tangmoumou/.m2/repository/javax/xml/bind/jaxb-api/2.2.2/jaxb-api-2.2.2.jar:/Users/tangmoumou/.m2/repository/javax/xml/stream/stax-api/1.0-2/stax-api-1.0-2.jar:/Users/tangmoumou/.m2/repository/javax/servlet/servlet-api/2.5/servlet-api-2.5.jar:/Users/tangmoumou/.m2/repository/com/sun/jersey/jersey-client/1.9/jersey-client-1.9.jar:/Users/tangmoumou/.m2/repository/com/sun/jersey/contribs/jersey-guice/1.9/jersey-guice-1.9.jar:/Users/tangmoumou/.m2/repository/org/apache/hadoop/hadoop-yarn-client/2.7.3/hadoop-yarn-client-2.7.3.jar:/Users/tangmoumou/.m2/repository/org/apache/hadoop/hadoop-mapreduce-client-core/2.7.3/hadoop-mapreduce-client-core-2.7.3.jar:/Users/tangmoumou/.m2/repository/org/apache/hadoop/hadoop-yarn-server-common/2.7.3/hadoop-yarn-server-common-2.7.3.jar:/Users/tangmoumou/.m2/repository/org/apache/hadoop/hadoop-mapreduce-client-shuffle/2.7.3/hadoop-mapreduce-client-shuffle-2.7.3.jar:/Users/tangmoumou/.m2/repository/org/apache/hadoop/hadoop-yarn-server-nodemanager/2.7.3/hadoop-yarn-server-nodemanager-2.7.3.jar:/Users/tangmoumou/.m2/repository/org/fusesource/leveldbjni/leveldbjni-all/1.8/leveldbjni-all-1.8.jar:/Users/tangmoumou/.m2/repository/com/google/protobuf/protobuf-java/2.5.0/protobuf-java-2.5.0.jar:/Users/tangmoumou/.m2/repository/org/apache/avro/avro/1.7.4/avro-1.7.4.jar:/Users/tangmoumou/.m2/repository/com/thoughtworks/paranamer/paranamer/2.3/paranamer-2.3.jar:/Users/tangmoumou/.m2/repository/org/xerial/snappy/snappy-java/1.0.4.1/snappy-java-1.0.4.1.jar:/Users/tangmoumou/.m2/repository/org/apache/hadoop/hadoop-annotations/2.7.3/hadoop-annotations-2.7.3.jar:/Library/Java/JavaVirtualMachines/jdk1.8.0_251.jdk/Contents/Home/jre/../lib/tools.jar:/Users/tangmoumou/.m2/repository/com/google/inject/extensions/guice-servlet/3.0/guice-servlet-3.0.jar:/Users/tangmoumou/.m2/repository/com/google/inject/guice/3.0/guice-3.0.jar:/Users/tangmoumou/.m2/repository/javax/inject/javax.inject/1/javax.inject-1.jar:/Users/tangmoumou/.m2/repository/aopalliance/aopalliance/1.0/aopalliance-1.0.jar:/Users/tangmoumou/.m2/repository/io/netty/netty/3.9.9.Final/netty-3.9.9.Final.jar:/Users/tangmoumou/.m2/repository/org/apache/hive/hcatalog/hive-hcatalog-core/1.2.1/hive-hcatalog-core-1.2.1.jar:/Users/tangmoumou/.m2/repository/org/apache/hive/hive-cli/1.2.1/hive-cli-1.2.1.jar:/Users/tangmoumou/.m2/repository/jline/jline/2.12/jline-2.12.jar:/Users/tangmoumou/.m2/repository/org/apache/hive/hive-common/1.2.1/hive-common-1.2.1.jar:/Users/tangmoumou/.m2/repository/joda-time/joda-time/2.5/joda-time-2.5.jar:/Users/tangmoumou/.m2/repository/log4j/apache-log4j-extras/1.2.17/apache-log4j-extras-1.2.17.jar:/Users/tangmoumou/.m2/repository/org/apache/ant/ant/1.9.1/ant-1.9.1.jar:/Users/tangmoumou/.m2/repository/org/apache/ant/ant-launcher/1.9.1/ant-launcher-1.9.1.jar:/Users/tangmoumou/.m2/repository/org/json/json/20090211/json-20090211.jar:/Users/tangmoumou/.m2/repository/org/apache/hive/hive-metastore/1.2.1/hive-metastore-1.2.1.jar:/Users/tangmoumou/.m2/repository/com/jolbox/bonecp/0.8.0.RELEASE/bonecp-0.8.0.RELEASE.jar:/Users/tangmoumou/.m2/repository/org/apache/derby/derby/10.10.2.0/derby-10.10.2.0.jar:/Users/tangmoumou/.m2/repository/org/datanucleus/datanucleus-api-jdo/3.2.6/datanucleus-api-jdo-3.2.6.jar:/Users/tangmoumou/.m2/repository/org/datanucleus/datanucleus-core/3.2.10/datanucleus-core-3.2.10.jar:/Users/tangmoumou/.m2/repository/org/datanucleus/datanucleus-rdbms/3.2.9/datanucleus-rdbms-3.2.9.jar:/Users/tangmoumou/.m2/repository/javax/jdo/jdo-api/3.0.1/jdo-api-3.0.1.jar:/Users/tangmoumou/.m2/repository/javax/transaction/jta/1.1/jta-1.1.jar:/Users/tangmoumou/.m2/repository/org/antlr/antlr-runtime/3.4/antlr-runtime-3.4.jar:/Users/tangmoumou/.m2/repository/org/antlr/stringtemplate/3.2.1/stringtemplate-3.2.1.jar:/Users/tangmoumou/.m2/repository/antlr/antlr/2.7.7/antlr-2.7.7.jar:/Users/tangmoumou/.m2/repository/org/apache/thrift/libfb303/0.9.2/libfb303-0.9.2.jar:/Users/tangmoumou/.m2/repository/org/apache/hive/hive-exec/1.2.1/hive-exec-1.2.1.jar:/Users/tangmoumou/.m2/repository/org/apache/hive/hive-ant/1.2.1/hive-ant-1.2.1.jar:/Users/tangmoumou/.m2/repository/org/apache/velocity/velocity/1.5/velocity-1.5.jar:/Users/tangmoumou/.m2/repository/oro/oro/2.0.8/oro-2.0.8.jar:/Users/tangmoumou/.m2/repository/org/antlr/ST4/4.0.4/ST4-4.0.4.jar:/Users/tangmoumou/.m2/repository/org/apache/ivy/ivy/2.4.0/ivy-2.4.0.jar:/Users/tangmoumou/.m2/repository/org/codehaus/groovy/groovy-all/2.1.6/groovy-all-2.1.6.jar:/Users/tangmoumou/.m2/repository/org/apache/calcite/calcite-core/1.16.0-kylin-r5/calcite-core-1.16.0-kylin-r5.jar:/Users/tangmoumou/.m2/repository/org/apache/calcite/avatica/avatica-core/1.12.0/avatica-core-1.12.0.jar:/Users/tangmoumou/.m2/repository/org/apache/calcite/avatica/avatica-metrics/1.12.0/avatica-metrics-1.12.0.jar:/Users/tangmoumou/.m2/repository/org/apache/calcite/calcite-linq4j/1.16.0-kylin-r5/calcite-linq4j-1.16.0-kylin-r5.jar:/Users/tangmoumou/.m2/repository/com/esri/geometry/esri-geometry-api/2.0.0/esri-geometry-api-2.0.0.jar:/Users/tangmoumou/.m2/repository/com/yahoo/datasketches/sketches-core/0.9.0/sketches-core-0.9.0.jar:/Users/tangmoumou/.m2/repository/com/yahoo/datasketches/memory/0.9.0/memory-0.9.0.jar:/Users/tangmoumou/.m2/repository/net/hydromatic/aggdesigner-algorithm/6.0/aggdesigner-algorithm-6.0.jar:/Users/tangmoumou/.m2/repository/org/codehaus/janino/janino/3.0.16/janino-3.0.16.jar:/Users/tangmoumou/.m2/repository/org/codehaus/janino/commons-compiler/3.0.16/commons-compiler-3.0.16.jar:/Users/tangmoumou/.m2/repository/org/apache/calcite/calcite-avatica/1.2.0-incubating/calcite-avatica-1.2.0-incubating.jar:/Users/tangmoumou/.m2/repository/stax/stax-api/1.0.1/stax-api-1.0.1.jar:/Users/tangmoumou/.m2/repository/com/google/guava/guava/14.0/guava-14.0.jar:/Users/tangmoumou/.m2/repository/org/codehaus/jackson/jackson-mapper-asl/1.9.2/jackson-mapper-asl-1.9.2.jar:/Users/tangmoumou/.m2/repository/org/apache/hive/hive-jdbc/1.2.1/hive-jdbc-1.2.1.jar:/Users/tangmoumou/.m2/repository/org/apache/hive/hive-service/1.2.1/hive-service-1.2.1.jar:/Users/tangmoumou/.m2/repository/net/sf/jpam/jpam/1.1/jpam-1.1.jar:/Users/tangmoumou/.m2/repository/org/eclipse/jetty/aggregate/jetty-all/7.6.0.v20120127/jetty-all-7.6.0.v20120127.jar:/Users/tangmoumou/.m2/repository/org/apache/geronimo/specs/geronimo-jta_1.1_spec/1.1.1/geronimo-jta_1.1_spec-1.1.1.jar:/Users/tangmoumou/.m2/repository/javax/mail/mail/1.4.1/mail-1.4.1.jar:/Users/tangmoumou/.m2/repository/org/apache/geronimo/specs/geronimo-jaspic_1.0_spec/1.0/geronimo-jaspic_1.0_spec-1.0.jar:/Users/tangmoumou/.m2/repository/org/apache/geronimo/specs/geronimo-annotation_1.0_spec/1.1.1/geronimo-annotation_1.0_spec-1.1.1.jar:/Users/tangmoumou/.m2/repository/asm/asm-commons/3.1/asm-commons-3.1.jar:/Users/tangmoumou/.m2/repository/asm/asm-tree/3.1/asm-tree-3.1.jar:/Users/tangmoumou/.m2/repository/org/apache/hive/hive-serde/1.2.1/hive-serde-1.2.1.jar:/Users/tangmoumou/.m2/repository/net/sf/opencsv/opencsv/2.3/opencsv-2.3.jar:/Users/tangmoumou/.m2/repository/com/twitter/parquet-hadoop-bundle/1.6.0/parquet-hadoop-bundle-1.6.0.jar:/Users/tangmoumou/.m2/repository/org/apache/hive/hive-shims/1.2.1/hive-shims-1.2.1.jar:/Users/tangmoumou/.m2/repository/org/apache/hive/shims/hive-shims-common/1.2.1/hive-shims-common-1.2.1.jar:/Users/tangmoumou/.m2/repository/org/apache/hive/shims/hive-shims-0.20S/1.2.1/hive-shims-0.20S-1.2.1.jar:/Users/tangmoumou/.m2/repository/org/apache/hive/shims/hive-shims-0.23/1.2.1/hive-shims-0.23-1.2.1.jar:/Users/tangmoumou/.m2/repository/org/apache/hadoop/hadoop-yarn-server-resourcemanager/2.7.3/hadoop-yarn-server-resourcemanager-2.7.3.jar:/Users/tangmoumou/.m2/repository/org/apache/hadoop/hadoop-yarn-server-applicationhistoryservice/2.7.3/hadoop-yarn-server-applicationhistoryservice-2.7.3.jar:/Users/tangmoumou/.m2/repository/org/apache/hadoop/hadoop-yarn-server-web-proxy/2.7.3/hadoop-yarn-server-web-proxy-2.7.3.jar:/Users/tangmoumou/.m2/repository/org/apache/zookeeper/zookeeper/3.4.6/zookeeper-3.4.6-tests.jar:/Users/tangmoumou/.m2/repository/org/apache/hive/shims/hive-shims-scheduler/1.2.1/hive-shims-scheduler-1.2.1.jar:/Users/tangmoumou/.m2/repository/commons-logging/commons-logging/1.1.3/commons-logging-1.1.3.jar:/Users/tangmoumou/.m2/repository/org/apache/httpcomponents/httpcore/4.4/httpcore-4.4.jar:/Users/tangmoumou/.m2/repository/org/apache/thrift/libthrift/0.9.2/libthrift-0.9.2.jar:/Users/tangmoumou/.m2/repository/org/apache/zookeeper/zookeeper/3.4.13/zookeeper-3.4.13.jar:/Users/tangmoumou/.m2/repository/org/apache/yetus/audience-annotations/0.5.0/audience-annotations-0.5.0.jar:/Users/tangmoumou/.m2/repository/org/apache/curator/curator-framework/2.12.0/curator-framework-2.12.0.jar:/Users/tangmoumou/.m2/repository/org/apache/mrunit/mrunit/1.1.0/mrunit-1.1.0-hadoop2.jar:/Users/tangmoumou/.m2/repository/junit/junit/4.12/junit-4.12.jar:/Users/tangmoumou/.m2/repository/org/hamcrest/hamcrest-core/1.3/hamcrest-core-1.3.jar:/Users/tangmoumou/.m2/repository/org/powermock/powermock-module-junit4/1.7.0/powermock-module-junit4-1.7.0.jar:/Users/tangmoumou/.m2/repository/org/powermock/powermock-module-junit4-common/1.7.0/powermock-module-junit4-common-1.7.0.jar:/Users/tangmoumou/.m2/repository/org/powermock/powermock-core/1.7.0/powermock-core-1.7.0.jar:/Users/tangmoumou/.m2/repository/org/powermock/powermock-reflect/1.7.0/powermock-reflect-1.7.0.jar:/Users/tangmoumou/.m2/repository/org/javassist/javassist/3.21.0-GA/javassist-3.21.0-GA.jar:/Users/tangmoumou/.m2/repository/org/powermock/powermock-api-mockito/1.7.0/powermock-api-mockito-1.7.0.jar:/Users/tangmoumou/.m2/repository/org/powermock/powermock-api-mockito-common/1.7.0/powermock-api-mockito-common-1.7.0.jar:/Users/tangmoumou/.m2/repository/org/powermock/powermock-api-support/1.7.0/powermock-api-support-1.7.0.jar:/Users/tangmoumou/.m2/repository/org/mockito/mockito-core/1.10.19/mockito-core-1.10.19.jar:/Users/tangmoumou/.m2/repository/org/objenesis/objenesis/2.1/objenesis-2.1.jar:/Users/tangmoumou/.m2/repository/log4j/log4j/1.2.17/log4j-1.2.17.jar:/Users/tangmoumou/.m2/repository/org/slf4j/slf4j-log4j12/1.7.21/slf4j-log4j12-1.7.21.jar:/Users/tangmoumou/.m2/repository/org/slf4j/jcl-over-slf4j/1.7.21/jcl-over-slf4j-1.7.21.jar:/Users/tangmoumou/.m2/repository/org/slf4j/slf4j-api/1.7.21/slf4j-api-1.7.21.jar:/Users/tangmoumou/.m2/repository/org/apache/hadoop/hadoop-common/2.7.3/hadoop-common-2.7.3.jar:/Users/tangmoumou/.m2/repository/commons-cli/commons-cli/1.2/commons-cli-1.2.jar:/Users/tangmoumou/.m2/repository/org/apache/commons/commons-math3/3.1.1/commons-math3-3.1.1.jar:/Users/tangmoumou/.m2/repository/xmlenc/xmlenc/0.52/xmlenc-0.52.jar:/Users/tangmoumou/.m2/repository/commons-httpclient/commons-httpclient/3.1/commons-httpclient-3.1.jar:/Users/tangmoumou/.m2/repository/commons-codec/commons-codec/1.4/commons-codec-1.4.jar:/Users/tangmoumou/.m2/repository/commons-io/commons-io/2.4/commons-io-2.4.jar:/Users/tangmoumou/.m2/repository/commons-net/commons-net/3.1/commons-net-3.1.jar:/Users/tangmoumou/.m2/repository/commons-collections/commons-collections/3.2.2/commons-collections-3.2.2.jar:/Users/tangmoumou/.m2/repository/org/mortbay/jetty/jetty/6.1.26/jetty-6.1.26.jar:/Users/tangmoumou/.m2/repository/org/mortbay/jetty/jetty-util/6.1.26/jetty-util-6.1.26.jar:/Users/tangmoumou/.m2/repository/com/sun/jersey/jersey-core/1.9/jersey-core-1.9.jar:/Users/tangmoumou/.m2/repository/com/sun/jersey/jersey-json/1.9/jersey-json-1.9.jar:/Users/tangmoumou/.m2/repository/org/codehaus/jettison/jettison/1.1/jettison-1.1.jar:/Users/tangmoumou/.m2/repository/com/sun/xml/bind/jaxb-impl/2.2.3-1/jaxb-impl-2.2.3-1.jar:/Users/tangmoumou/.m2/repository/org/codehaus/jackson/jackson-jaxrs/1.8.3/jackson-jaxrs-1.8.3.jar:/Users/tangmoumou/.m2/repository/org/codehaus/jackson/jackson-xc/1.8.3/jackson-xc-1.8.3.jar:/Users/tangmoumou/.m2/repository/com/sun/jersey/jersey-server/1.9/jersey-server-1.9.jar:/Users/tangmoumou/.m2/repository/asm/asm/3.1/asm-3.1.jar:/Users/tangmoumou/.m2/repository/commons-lang/commons-lang/2.6/commons-lang-2.6.jar:/Users/tangmoumou/.m2/repository/commons-configuration/commons-configuration/1.6/commons-configuration-1.6.jar:/Users/tangmoumou/.m2/repository/commons-digester/commons-digester/1.8/commons-digester-1.8.jar:/Users/tangmoumou/.m2/repository/commons-beanutils/commons-beanutils-core/1.8.0/commons-beanutils-core-1.8.0.jar:/Users/tangmoumou/.m2/repository/org/codehaus/jackson/jackson-core-asl/1.9.13/jackson-core-asl-1.9.13.jar:/Users/tangmoumou/.m2/repository/com/google/code/gson/gson/2.2.4/gson-2.2.4.jar:/Users/tangmoumou/.m2/repository/org/apache/hadoop/hadoop-auth/2.7.3/hadoop-auth-2.7.3.jar:/Users/tangmoumou/.m2/repository/org/apache/directory/server/apacheds-kerberos-codec/2.0.0-M15/apacheds-kerberos-codec-2.0.0-M15.jar:/Users/tangmoumou/.m2/repository/org/apache/directory/server/apacheds-i18n/2.0.0-M15/apacheds-i18n-2.0.0-M15.jar:/Users/tangmoumou/.m2/repository/org/apache/directory/api/api-asn1-api/1.0.0-M20/api-asn1-api-1.0.0-M20.jar:/Users/tangmoumou/.m2/repository/org/apache/directory/api/api-util/1.0.0-M20/api-util-1.0.0-M20.jar:/Users/tangmoumou/.m2/repository/com/jcraft/jsch/0.1.54/jsch-0.1.54.jar:/Users/tangmoumou/.m2/repository/org/apache/curator/curator-client/2.12.0/curator-client-2.12.0.jar:/Users/tangmoumou/.m2/repository/org/apache/curator/curator-recipes/2.12.0/curator-recipes-2.12.0.jar:/Users/tangmoumou/.m2/repository/com/google/code/findbugs/jsr305/3.0.1/jsr305-3.0.1.jar:/Users/tangmoumou/.m2/repository/org/apache/htrace/htrace-core/3.1.0-incubating/htrace-core-3.1.0-incubating.jar:"/>
    <property name="sun.cpu.endian" value="little"/>
    <property name="user.home" value="/Users/tangmoumou"/>
    <property name="user.language" value="zh"/>
    <property name="java.specification.vendor" value="Oracle Corporation"/>
    <property name="java.home" value="/Library/Java/JavaVirtualMachines/jdk1.8.0_251.jdk/Contents/Home/jre"/>
    <property name="basedir" value="/Users/tangmoumou/bigdata_projects/apache-kylin-4.0.0/source-hive"/>
    <property name="file.separator" value="/"/>
    <property name="line.separator" value="&#10;"/>
    <property name="java.vm.specification.vendor" value="Oracle Corporation"/>
    <property name="java.specification.name" value="Java Platform API Specification"/>
    <property name="java.awt.graphicsenv" value="sun.awt.CGraphicsEnvironment"/>
    <property name="surefire.real.class.path" value="/Users/tangmoumou/bigdata_projects/apache-kylin-4.0.0/source-hive/target/surefire/surefirebooter1171116598762838065.jar:/Users/tangmoumou/bigdata_projects/apache-kylin-4.0.0/source-hive/target/test-classes/jamm.jar:/Users/tangmoumou/.m2/repository/org/jacoco/org.jacoco.agent/0.8.2/org.jacoco.agent-0.8.2-runtime.jar"/>
    <property name="sun.boot.class.path" value="/Library/Java/JavaVirtualMachines/jdk1.8.0_251.jdk/Contents/Home/jre/lib/resources.jar:/Library/Java/JavaVirtualMachines/jdk1.8.0_251.jdk/Contents/Home/jre/lib/rt.jar:/Library/Java/JavaVirtualMachines/jdk1.8.0_251.jdk/Contents/Home/jre/lib/sunrsasign.jar:/Library/Java/JavaVirtualMachines/jdk1.8.0_251.jdk/Contents/Home/jre/lib/jsse.jar:/Library/Java/JavaVirtualMachines/jdk1.8.0_251.jdk/Contents/Home/jre/lib/jce.jar:/Library/Java/JavaVirtualMachines/jdk1.8.0_251.jdk/Contents/Home/jre/lib/charsets.jar:/Library/Java/JavaVirtualMachines/jdk1.8.0_251.jdk/Contents/Home/jre/lib/jfr.jar:/Library/Java/JavaVirtualMachines/jdk1.8.0_251.jdk/Contents/Home/jre/classes"/>
    <property name="sun.management.compiler" value="HotSpot 64-Bit Tiered Compilers"/>
    <property name="java.runtime.version" value="1.8.0_251-b08"/>
    <property name="user.name" value="tangmoumou"/>
    <property name="path.separator" value=":"/>
    <property name="os.version" value="10.16"/>
    <property name="java.endorsed.dirs" value="/Library/Java/JavaVirtualMachines/jdk1.8.0_251.jdk/Contents/Home/jre/lib/endorsed"/>
    <property name="java.runtime.name" value="Java(TM) SE Runtime Environment"/>
    <property name="file.encoding" value="UTF-8"/>
    <property name="java.vm.name" value="Java HotSpot(TM) 64-Bit Server VM"/>
    <property name="localRepository" value="/Users/tangmoumou/.m2/repository"/>
    <property name="java.vendor.url.bug" value="http://bugreport.sun.com/bugreport/"/>
    <property name="java.io.tmpdir" value="/var/folders/ph/0c0rbw0j66v6mpd7k8t25fxm0000gn/T/"/>
    <property name="java.version" value="1.8.0_251"/>
    <property name="user.dir" value="/Users/tangmoumou/bigdata_projects/apache-kylin-4.0.0/source-hive"/>
    <property name="os.arch" value="x86_64"/>
    <property name="java.vm.specification.name" value="Java Virtual Machine Specification"/>
    <property name="java.awt.printerjob" value="sun.lwawt.macosx.CPrinterJob"/>
    <property name="sun.os.patch.level" value="unknown"/>
    <property name="java.library.path" value="/Users/tangmoumou/Library/Java/Extensions:/Library/Java/Extensions:/Network/Library/Java/Extensions:/System/Library/Java/Extensions:/usr/lib/java:."/>
    <property name="java.vm.info" value="mixed mode"/>
    <property name="java.vendor" value="Oracle Corporation"/>
    <property name="java.vm.version" value="25.251-b08"/>
    <property name="java.ext.dirs" value="/Users/tangmoumou/Library/Java/Extensions:/Library/Java/JavaVirtualMachines/jdk1.8.0_251.jdk/Contents/Home/jre/lib/ext:/Library/Java/Extensions:/Network/Library/Java/Extensions:/System/Library/Java/Extensions:/usr/lib/java"/>
    <property name="sun.io.unicode.encoding" value="UnicodeBig"/>
    <property name="java.class.version" value="52.0"/>
  </properties>
  <testcase name="testBasics" classname="org.apache.kylin.source.hive.BeelineHIveClientTest" time="0"/>
</testsuite>